  main.cpp
c:\users\petru\documents\github\world-of-tanks-reloaded\world of tanks reloaded\world of tanks reloaded\player.h(29): warning C4244: 'argument': conversion from 'double' to 'float', possible loss of data
c:\users\petru\documents\github\world-of-tanks-reloaded\world of tanks reloaded\world of tanks reloaded\player.h(45): warning C4244: 'argument': conversion from 'double' to 'float', possible loss of data
c:\users\petru\documents\github\world-of-tanks-reloaded\world of tanks reloaded\world of tanks reloaded\player.h(50): warning C4244: 'argument': conversion from 'double' to 'float', possible loss of data
c:\users\petru\documents\github\world-of-tanks-reloaded\world of tanks reloaded\world of tanks reloaded\player.h(55): warning C4244: 'argument': conversion from 'double' to 'float', possible loss of data
c:\users\petru\documents\github\world-of-tanks-reloaded\world of tanks reloaded\world of tanks reloaded\player.h(60): warning C4244: 'argument': conversion from 'double' to 'float', possible loss of data
c:\users\petru\documents\github\world-of-tanks-reloaded\world of tanks reloaded\world of tanks reloaded\player.h(63): warning C4244: 'argument': conversion from 'double' to 'float', possible loss of data
c:\users\petru\documents\github\world-of-tanks-reloaded\world of tanks reloaded\world of tanks reloaded\player.h(66): warning C4244: 'argument': conversion from 'double' to 'float', possible loss of data
c:\users\petru\documents\github\world-of-tanks-reloaded\world of tanks reloaded\world of tanks reloaded\player.h(69): warning C4244: 'argument': conversion from 'double' to 'float', possible loss of data
c:\users\petru\documents\github\world-of-tanks-reloaded\world of tanks reloaded\world of tanks reloaded\player.h(72): warning C4244: 'argument': conversion from 'double' to 'float', possible loss of data
c:\users\petru\documents\github\world-of-tanks-reloaded\world of tanks reloaded\world of tanks reloaded\ai_entity.h(29): warning C4244: 'argument': conversion from 'double' to 'float', possible loss of data
c:\users\petru\documents\github\world-of-tanks-reloaded\world of tanks reloaded\world of tanks reloaded\ai_entity.h(59): warning C4244: 'initializing': conversion from 'float' to 'int', possible loss of data
c:\users\petru\documents\github\world-of-tanks-reloaded\world of tanks reloaded\world of tanks reloaded\ai_entity.h(60): warning C4244: 'initializing': conversion from 'float' to 'int', possible loss of data
c:\users\petru\documents\github\world-of-tanks-reloaded\world of tanks reloaded\world of tanks reloaded\ai_entity.h(62): warning C4244: 'initializing': conversion from 'float' to 'int', possible loss of data
c:\users\petru\documents\github\world-of-tanks-reloaded\world of tanks reloaded\world of tanks reloaded\ai_entity.h(67): warning C4018: '<': signed/unsigned mismatch
c:\users\petru\documents\github\world-of-tanks-reloaded\world of tanks reloaded\world of tanks reloaded\ai_entity.h(87): warning C4244: '=': conversion from 'int' to 'float', possible loss of data
c:\users\petru\documents\github\world-of-tanks-reloaded\world of tanks reloaded\world of tanks reloaded\ai_entity.h(88): warning C4244: '=': conversion from 'int' to 'float', possible loss of data
c:\users\petru\documents\github\world-of-tanks-reloaded\world of tanks reloaded\world of tanks reloaded\ai_entity.h(104): warning C4244: '=': conversion from 'int' to 'float', possible loss of data
c:\users\petru\documents\github\world-of-tanks-reloaded\world of tanks reloaded\world of tanks reloaded\ai_entity.h(105): warning C4244: '=': conversion from 'int' to 'float', possible loss of data
c:\users\petru\documents\github\world-of-tanks-reloaded\world of tanks reloaded\world of tanks reloaded\ai_entity.h(121): warning C4244: '=': conversion from 'int' to 'float', possible loss of data
c:\users\petru\documents\github\world-of-tanks-reloaded\world of tanks reloaded\world of tanks reloaded\ai_entity.h(122): warning C4244: '=': conversion from 'int' to 'float', possible loss of data
c:\users\petru\documents\github\world-of-tanks-reloaded\world of tanks reloaded\world of tanks reloaded\ai_entity.h(128): warning C4244: 'argument': conversion from 'double' to 'float', possible loss of data
c:\users\petru\documents\github\world-of-tanks-reloaded\world of tanks reloaded\world of tanks reloaded\ai_entity.h(131): warning C4244: 'argument': conversion from 'double' to 'float', possible loss of data
c:\users\petru\documents\github\world-of-tanks-reloaded\world of tanks reloaded\world of tanks reloaded\ai_entity.h(134): warning C4244: 'argument': conversion from 'double' to 'float', possible loss of data
c:\users\petru\documents\github\world-of-tanks-reloaded\world of tanks reloaded\world of tanks reloaded\ai_entity.h(137): warning C4244: 'argument': conversion from 'double' to 'float', possible loss of data
c:\users\petru\documents\github\world-of-tanks-reloaded\world of tanks reloaded\world of tanks reloaded\ai_chaser.h(39): warning C4244: 'argument': conversion from 'double' to 'float', possible loss of data
c:\users\petru\documents\github\world-of-tanks-reloaded\world of tanks reloaded\world of tanks reloaded\ai_chaser.h(80): warning C4244: 'argument': conversion from 'double' to 'float', possible loss of data
c:\users\petru\documents\github\world-of-tanks-reloaded\world of tanks reloaded\world of tanks reloaded\ai_chaser.h(85): warning C4244: 'argument': conversion from 'double' to 'float', possible loss of data
c:\users\petru\documents\github\world-of-tanks-reloaded\world of tanks reloaded\world of tanks reloaded\ai_chaser.h(91): warning C4244: 'argument': conversion from 'double' to 'float', possible loss of data
c:\users\petru\documents\github\world-of-tanks-reloaded\world of tanks reloaded\world of tanks reloaded\ai_chaser.h(96): warning C4244: 'argument': conversion from 'double' to 'float', possible loss of data
c:\users\petru\documents\github\world-of-tanks-reloaded\world of tanks reloaded\world of tanks reloaded\ai_chaser.h(100): warning C4244: 'argument': conversion from 'double' to 'float', possible loss of data
c:\users\petru\documents\github\world-of-tanks-reloaded\world of tanks reloaded\world of tanks reloaded\ai_chaser.h(104): warning C4244: 'argument': conversion from 'double' to 'float', possible loss of data
c:\users\petru\documents\github\world-of-tanks-reloaded\world of tanks reloaded\world of tanks reloaded\ai_chaser.h(108): warning C4244: 'argument': conversion from 'double' to 'float', possible loss of data
c:\users\petru\documents\github\world-of-tanks-reloaded\world of tanks reloaded\world of tanks reloaded\ai_chaser.h(112): warning C4244: 'argument': conversion from 'double' to 'float', possible loss of data
c:\users\petru\documents\github\world-of-tanks-reloaded\world of tanks reloaded\world of tanks reloaded\ai_chaser.h(251): warning C4244: 'return': conversion from 'double' to 'float', possible loss of data
c:\users\petru\documents\github\world-of-tanks-reloaded\world of tanks reloaded\world of tanks reloaded\main.cpp(97): warning C4244: '=': conversion from 'int' to 'float', possible loss of data
c:\users\petru\documents\github\world-of-tanks-reloaded\world of tanks reloaded\world of tanks reloaded\main.cpp(99): warning C4244: 'initializing': conversion from 'int' to 'float', possible loss of data
c:\users\petru\documents\github\world-of-tanks-reloaded\world of tanks reloaded\world of tanks reloaded\main.cpp(114): warning C4244: '=': conversion from 'int' to 'float', possible loss of data
c:\users\petru\documents\github\world-of-tanks-reloaded\world of tanks reloaded\world of tanks reloaded\main.cpp(116): warning C4244: 'initializing': conversion from 'int' to 'float', possible loss of data
c:\users\petru\documents\github\world-of-tanks-reloaded\world of tanks reloaded\world of tanks reloaded\main.cpp(129): warning C4244: 'argument': conversion from 'float' to 'unsigned int', possible loss of data
c:\users\petru\documents\github\world-of-tanks-reloaded\world of tanks reloaded\world of tanks reloaded\main.cpp(131): warning C4244: 'argument': conversion from 'double' to 'unsigned int', possible loss of data
c:\users\petru\documents\github\world-of-tanks-reloaded\world of tanks reloaded\world of tanks reloaded\main.cpp(133): warning C4244: 'argument': conversion from 'int' to 'float', possible loss of data
c:\users\petru\documents\github\world-of-tanks-reloaded\world of tanks reloaded\world of tanks reloaded\main.cpp(146): warning C4244: 'argument': conversion from 'float' to 'unsigned int', possible loss of data
c:\users\petru\documents\github\world-of-tanks-reloaded\world of tanks reloaded\world of tanks reloaded\main.cpp(148): warning C4244: 'argument': conversion from 'double' to 'unsigned int', possible loss of data
c:\users\petru\documents\github\world-of-tanks-reloaded\world of tanks reloaded\world of tanks reloaded\main.cpp(150): warning C4244: 'argument': conversion from 'int' to 'float', possible loss of data
c:\users\petru\documents\github\world-of-tanks-reloaded\world of tanks reloaded\world of tanks reloaded\main.cpp(165): warning C4244: 'argument': conversion from 'float' to 'unsigned int', possible loss of data
c:\users\petru\documents\github\world-of-tanks-reloaded\world of tanks reloaded\world of tanks reloaded\main.cpp(167): warning C4244: 'argument': conversion from 'double' to 'unsigned int', possible loss of data
c:\users\petru\documents\github\world-of-tanks-reloaded\world of tanks reloaded\world of tanks reloaded\main.cpp(169): warning C4244: 'argument': conversion from 'int' to 'float', possible loss of data
c:\users\petru\documents\github\world-of-tanks-reloaded\world of tanks reloaded\world of tanks reloaded\main.cpp(181): warning C4244: 'argument': conversion from 'double' to 'float', possible loss of data
c:\users\petru\documents\github\world-of-tanks-reloaded\world of tanks reloaded\world of tanks reloaded\main.cpp(220): warning C4244: 'argument': conversion from 'double' to 'float', possible loss of data
c:\users\petru\documents\github\world-of-tanks-reloaded\world of tanks reloaded\world of tanks reloaded\main.cpp(26): warning C4101: 'Event': unreferenced local variable
  World of Tanks reloaded.vcxproj -> C:\Users\Petru\Documents\GitHub\World-of-Tanks-reloaded\World of Tanks reloaded\Debug\World of Tanks reloaded.exe
  World of Tanks reloaded.vcxproj -> C:\Users\Petru\Documents\GitHub\World-of-Tanks-reloaded\World of Tanks reloaded\Debug\World of Tanks reloaded.pdb (Full PDB)
